<?xml version="1.0" encoding="utf-8"?><testsuites name="pytest tests"><testsuite name="pytest" errors="0" failures="0" skipped="0" tests="17" time="0.909" timestamp="2026-07-18T21:12:01.843925+00:00" hostname="agent-env-34180e96-4287-4bc8-b685-ab8a3407e5aa"><testcase classname="backend.tests.test_booking_merge_regression" name="test_no_git_conflict_markers_in_repo_files" time="0.620" /><testcase classname="backend.tests.test_booking_merge_regression" name="test_booking_uses_public_auth_modal_with_password_confirmation_and_strong_password" time="0.000" /><testcase classname="backend.tests.test_booking_merge_regression" name="test_public_booking_modal_preserves_magic_link_register_password_and_testids" time="0.000" /><testcase classname="backend.tests.test_booking_merge_regression" name="test_password_components_preserve_visibility_toggle_and_checklist_rules" time="0.000" /><testcase classname="backend.tests.test_booking_merge_regression" name="test_booking_uses_expected_rpcs" time="0.000" /><testcase classname="backend.tests.test_booking_merge_regression" name="test_generated_types_include_expected_rpc_signatures" time="0.000" /><testcase classname="backend.tests.test_booking_merge_regression" name="test_migration_contains_overlap_protection_and_expected_grants" time="0.000" /><testcase classname="backend.tests.test_booking_merge_regression" name="test_vercel_rewrite_spa_is_preserved" time="0.000" /><testcase classname="backend.tests.test_booking_merge_regression" name="test_no_hardcoded_secrets_in_scope_files" time="0.001" /><testcase classname="backend.tests.test_supabase_schema_drift" name="test_package_script_points_to_check_script" time="0.000" /><testcase classname="backend.tests.test_supabase_schema_drift" name="test_check_returns_zero_when_generated_matches_committed" time="0.073" /><testcase classname="backend.tests.test_supabase_schema_drift" name="test_check_returns_one_and_unified_diff_when_drift_detected" time="0.046" /><testcase classname="backend.tests.test_supabase_schema_drift" name="test_generator_writes_atomically_and_supports_optional_output_path" time="0.030" /><testcase classname="backend.tests.test_supabase_schema_drift" name="test_generator_failure_does_not_corrupt_default_versioned_file" time="0.015" /><testcase classname="backend.tests.test_supabase_schema_drift" name="test_generator_uses_project_id_env_or_derives_from_expo_url" time="0.059" /><testcase classname="backend.tests.test_supabase_schema_drift" name="test_workflow_yaml_valid_and_blocks_drift_with_required_secrets" time="0.002" /><testcase classname="backend.tests.test_supabase_schema_drift" name="test_no_hardcoded_credentials_in_scripts_and_workflow" time="0.000" /></testsuite></testsuites>