<?xml version="1.0" encoding="utf-8"?><testsuites name="pytest tests"><testsuite name="pytest" errors="0" failures="0" skipped="0" tests="11" time="0.019" timestamp="2026-07-19T06:14:51.124389+00:00" hostname="agent-env-02f1dab1-99c8-4e0d-b896-f273a0ba3567"><testcase classname="backend.tests.test_s1_01_useappointments_contract_regression" name="test_useappointments_accepts_datefrom_dateto_and_applies_gte_lte" time="0.000" /><testcase classname="backend.tests.test_s1_01_useappointments_contract_regression" name="test_useappointments_rejects_invalid_iso_and_inverted_ranges" time="0.000" /><testcase classname="backend.tests.test_s1_01_useappointments_contract_regression" name="test_useappointments_realtime_refresh_keeps_current_fetch_context" time="0.000" /><testcase classname="backend.tests.test_s1_01_useappointments_contract_regression" name="test_admin_dashboard_sends_period_range_as_datefrom_dateto_iso" time="0.000" /><testcase classname="backend.tests.test_s1_01_useappointments_contract_regression" name="test_professional_dashboard_sends_selected_range_as_datefrom_dateto_iso" time="0.000" /><testcase classname="backend.tests.test_s1_02_admin_analytics_regression" name="test_admin_uses_independent_daily_and_period_queries" time="0.000" /><testcase classname="backend.tests.test_s1_02_admin_analytics_regression" name="test_period_filter_does_not_depend_on_selected_calendar_date" time="0.000" /><testcase classname="backend.tests.test_s1_02_admin_analytics_regression" name="test_week_runs_from_monday_through_sunday" time="0.000" /><testcase classname="backend.tests.test_s1_02_admin_analytics_regression" name="test_metrics_and_commissions_use_period_records_only" time="0.000" /><testcase classname="backend.tests.test_s1_02_admin_analytics_regression" name="test_mutations_refresh_daily_and_period_queries" time="0.000" /><testcase classname="backend.tests.test_s1_02_admin_analytics_regression" name="test_realtime_channels_are_unique_per_query_range" time="0.000" /></testsuite></testsuites>