<?xml version="1.0" encoding="utf-8"?><testsuites name="pytest tests"><testsuite name="pytest" errors="0" failures="0" skipped="0" tests="17" time="0.027" timestamp="2026-07-17T04:11:33.138741+00:00" hostname="agent-env-6625dd97-5452-4c84-b19a-a30258303b03"><testcase classname="supabase.tests.test_p0_security_static" name="test_public_signup_trigger_forces_client_without_tenant" time="0.001" /><testcase classname="supabase.tests.test_p0_security_static" name="test_profile_authorization_fields_are_blocked_for_direct_update" time="0.000" /><testcase classname="supabase.tests.test_p0_security_static" name="test_memberships_and_team_rpc_are_authoritative" time="0.000" /><testcase classname="supabase.tests.test_p0_security_static" name="test_superadmin_bootstrap_comes_from_private_config_only" time="0.000" /><testcase classname="supabase.tests.test_p0_security_static" name="test_invitation_contract_has_token_uniqueness_and_ttl_24h" time="0.000" /><testcase classname="supabase.tests.test_p0_security_static" name="test_accept_invitation_enforces_token_email_and_single_use" time="0.000" /><testcase classname="supabase.tests.test_p0_security_static" name="test_negative_rls_matrix_covers_roles_and_cross_tenant_cases" time="0.001" /><testcase classname="supabase.tests.test_p0_security_static" name="test_active_register_experience_does_not_send_role_or_establishment" time="0.000" /><testcase classname="supabase.tests.test_p0_security_static" name="test_register_route_exports_secure_experience_component" time="0.000" /><testcase classname="supabase.tests.test_p0_security_static" name="test_appointments_hook_mapping_contract_present" time="0.000" /><testcase classname="supabase.tests.test_p0_security_static" name="test_finalize_migration_is_present_and_reasserts_profile_protection" time="0.001" /><testcase classname="supabase.tests.test_p0_security_static" name="test_privacy_migration_removes_global_profile_visibility" time="0.001" /><testcase classname="supabase.tests.test_p0_security_static" name="test_audit_log_is_immutable_and_restricted_to_managers" time="0.000" /><testcase classname="supabase.tests.test_p0_security_static" name="test_public_professional_profiles_are_minimal_and_owner_controlled" time="0.000" /><testcase classname="supabase.tests.test_p0_security_static" name="test_revocations_require_reasons" time="0.001" /><testcase classname="supabase.tests.test_p0_security_static" name="test_transactional_booking_has_database_level_overlap_protection" time="0.000" /><testcase classname="supabase.tests.test_p0_security_static" name="test_booking_duration_is_snapshotted_and_public_slots_are_minimal" time="0.000" /></testsuite></testsuites>