<?xml version="1.0" encoding="utf-8"?><testsuites name="pytest tests"><testsuite name="pytest" errors="0" failures="0" skipped="0" tests="25" time="0.970" timestamp="2026-07-18T21:13:25.374789+00:00" hostname="agent-env-34180e96-4287-4bc8-b685-ab8a3407e5aa"><testcase classname="backend.tests.test_booking_merge_regression" name="test_no_git_conflict_markers_in_repo_files" time="0.628" /><testcase classname="backend.tests.test_booking_merge_regression" name="test_booking_uses_public_auth_modal_with_password_confirmation_and_strong_password" time="0.000" /><testcase classname="backend.tests.test_booking_merge_regression" name="test_public_booking_modal_preserves_magic_link_register_password_and_testids" time="0.000" /><testcase classname="backend.tests.test_booking_merge_regression" name="test_password_components_preserve_visibility_toggle_and_checklist_rules" time="0.000" /><testcase classname="backend.tests.test_booking_merge_regression" name="test_booking_uses_expected_rpcs" time="0.000" /><testcase classname="backend.tests.test_booking_merge_regression" name="test_generated_types_include_expected_rpc_signatures" time="0.000" /><testcase classname="backend.tests.test_booking_merge_regression" name="test_migration_contains_overlap_protection_and_expected_grants" time="0.000" /><testcase classname="backend.tests.test_booking_merge_regression" name="test_vercel_rewrite_spa_is_preserved" time="0.000" /><testcase classname="backend.tests.test_booking_merge_regression" name="test_no_hardcoded_secrets_in_scope_files" time="0.001" /><testcase classname="backend.tests.test_install_build_pipeline_regression" name="test_package_json_pins_lucide_react_native_and_node_22x" time="0.000" /><testcase classname="backend.tests.test_install_build_pipeline_regression" name="test_nvmrc_is_node_22" time="0.000" /><testcase classname="backend.tests.test_install_build_pipeline_regression" name="test_package_lock_contains_lucide_1250_peer_react_19_support" time="0.002" /><testcase classname="backend.tests.test_install_build_pipeline_regression" name="test_vercel_uses_clean_install_build_web_and_dist_output" time="0.000" /><testcase classname="backend.tests.test_install_build_pipeline_regression" name="test_workflow_uses_node22_npm_ci_lint_and_build_web" time="0.000" /><testcase classname="backend.tests.test_install_build_pipeline_regression" name="test_no_legacy_peer_deps_or_force_workarounds_in_release_files" time="0.001" /><testcase classname="backend.tests.test_install_build_pipeline_regression" name="test_slug_screen_uses_camera_and_not_instagram_icon_import" time="0.000" /><testcase classname="backend.tests.test_install_build_pipeline_regression" name="test_profile_experience_uses_camera_and_not_instagram_icon_import" time="0.000" /><testcase classname="backend.tests.test_supabase_schema_drift" name="test_package_script_points_to_check_script" time="0.000" /><testcase classname="backend.tests.test_supabase_schema_drift" name="test_check_returns_zero_when_generated_matches_committed" time="0.079" /><testcase classname="backend.tests.test_supabase_schema_drift" name="test_check_returns_one_and_unified_diff_when_drift_detected" time="0.054" /><testcase classname="backend.tests.test_supabase_schema_drift" name="test_generator_writes_atomically_and_supports_optional_output_path" time="0.038" /><testcase classname="backend.tests.test_supabase_schema_drift" name="test_generator_failure_does_not_corrupt_default_versioned_file" time="0.026" /><testcase classname="backend.tests.test_supabase_schema_drift" name="test_generator_uses_project_id_env_or_derives_from_expo_url" time="0.103" /><testcase classname="backend.tests.test_supabase_schema_drift" name="test_workflow_yaml_valid_and_blocks_drift_with_required_secrets" time="0.002" /><testcase classname="backend.tests.test_supabase_schema_drift" name="test_no_hardcoded_credentials_in_scripts_and_workflow" time="0.000" /></testsuite></testsuites>