<?xml version="1.0" encoding="utf-8"?><testsuites name="pytest tests"><testsuite name="pytest" errors="0" failures="4" skipped="0" tests="25" time="0.704" timestamp="2026-07-19T06:34:44.198658+00:00" hostname="agent-env-02f1dab1-99c8-4e0d-b896-f273a0ba3567"><testcase classname="backend.tests.test_s1_03_availability_regression" name="test_migration_generates_timezone_aware_thirty_minute_slots" time="0.000" /><testcase classname="backend.tests.test_s1_03_availability_regression" name="test_migration_intersects_schedules_and_resolves_custom_duration" time="0.000" /><testcase classname="backend.tests.test_s1_03_availability_regression" name="test_create_and_reschedule_enforce_same_availability_contract" time="0.000" /><testcase classname="backend.tests.test_s1_03_availability_regression" name="test_public_reschedule_ignore_is_authorized" time="0.000" /><testcase classname="backend.tests.test_s1_03_availability_regression" name="test_shared_hook_calls_new_rpc_and_exposes_distinct_states" time="0.000" /><testcase classname="backend.tests.test_s1_03_availability_regression" name="test_both_booking_flows_use_shared_available_slots" time="0.000" /><testcase classname="backend.tests.test_s1_03_availability_regression" name="test_fixed_time_lists_and_direct_appointment_reads_are_removed" time="0.000" /><testcase classname="backend.tests.test_s1_03_availability_regression" name="test_generated_types_include_new_availability_rpc" time="0.000" /><testcase classname="backend.tests.test_booking_merge_regression" name="test_no_git_conflict_markers_in_repo_files" time="0.650" /><testcase classname="backend.tests.test_booking_merge_regression" name="test_booking_uses_public_auth_modal_with_password_confirmation_and_strong_password" time="0.000" /><testcase classname="backend.tests.test_booking_merge_regression" name="test_public_booking_modal_preserves_magic_link_register_password_and_testids" time="0.000" /><testcase classname="backend.tests.test_booking_merge_regression" name="test_password_components_preserve_visibility_toggle_and_checklist_rules" time="0.000" /><testcase classname="backend.tests.test_booking_merge_regression" name="test_booking_uses_expected_rpcs" time="0.000" /><testcase classname="backend.tests.test_booking_merge_regression" name="test_generated_types_include_expected_rpc_signatures" time="0.000" /><testcase classname="backend.tests.test_booking_merge_regression" name="test_migration_contains_overlap_protection_and_expected_grants" time="0.000" /><testcase classname="backend.tests.test_booking_merge_regression" name="test_vercel_rewrite_spa_is_preserved" time="0.000" /><testcase classname="backend.tests.test_booking_merge_regression" name="test_no_hardcoded_secrets_in_scope_files" time="0.001" /><testcase classname="backend.tests.test_install_build_pipeline_regression" name="test_package_json_pins_lucide_react_native_and_node_22x" time="0.000" /><testcase classname="backend.tests.test_install_build_pipeline_regression" name="test_nvmrc_is_node_22" time="0.000" /><testcase classname="backend.tests.test_install_build_pipeline_regression" name="test_package_lock_contains_lucide_1250_peer_react_19_support" time="0.002"><failure message="AssertionError: assert '0.468.0' == '1.25.0'&#10;  &#10;  - 1.25.0&#10;  + 0.468.0">backend/tests/test_install_build_pipeline_regression.py:32: in test_package_lock_contains_lucide_1250_peer_react_19_support
    assert lucide["version"] == "1.25.0"
E   AssertionError: assert '0.468.0' == '1.25.0'
E     
E     - 1.25.0
E     + 0.468.0</failure></testcase><testcase classname="backend.tests.test_install_build_pipeline_regression" name="test_vercel_uses_clean_install_build_web_and_dist_output" time="0.000"><failure message="AssertionError: assert 'npm install ...--no-progress' == 'npm ci'&#10;  &#10;  - npm ci&#10;  + npm install --legacy-peer-deps --no-audit --no-fund --no-progress">backend/tests/test_install_build_pipeline_regression.py:39: in test_vercel_uses_clean_install_build_web_and_dist_output
    assert vercel["installCommand"] == "npm ci"
E   AssertionError: assert 'npm install ...--no-progress' == 'npm ci'
E     
E     - npm ci
E     + npm install --legacy-peer-deps --no-audit --no-fund --no-progress</failure></testcase><testcase classname="backend.tests.test_install_build_pipeline_regression" name="test_workflow_uses_node22_npm_ci_lint_and_build_web" time="0.000"><failure message="assert 'run: npm ci' in 'name: Install and Build\n\non:\n  pull_request:\n  push:\n    branches: [main, master]\n  workflow_dispatch:\n\npermissions:\n  contents: read\n\njobs:\n  clean-install-and-build:\n    runs-on: ubuntu-latest\n    steps:\n      - name: Baixar código\n        uses: actions/checkout@v4\n\n      - name: Configurar Node.js\n        uses: actions/setup-node@v4\n        with:\n          node-version: 22\n          cache: npm\n\n      - name: Instalação de dependências\n        run: |\n          if npm ci --legacy-peer-deps 2&gt;/dev/null; then\n            echo &quot;npm ci concluído com o lock file existente.&quot;\n          else\n            echo &quot;Lock file fora de sincronia; realizando \'npm install\' para regenerar.&quot; &gt;&amp;2\n            npm install --legacy-peer-deps --no-audit --no-fund --no-progress\n          fi\n\n      - name: Verificar lint\n        run: npm run lint\n\n      - name: Exportar web\n        run: npm run build:web'">backend/tests/test_install_build_pipeline_regression.py:48: in test_workflow_uses_node22_npm_ci_lint_and_build_web
    assert "run: npm ci" in workflow
E   assert 'run: npm ci' in 'name: Install and Build\n\non:\n  pull_request:\n  push:\n    branches: [main, master]\n  workflow_dispatch:\n\npermissions:\n  contents: read\n\njobs:\n  clean-install-and-build:\n    runs-on: ubuntu-latest\n    steps:\n      - name: Baixar código\n        uses: actions/checkout@v4\n\n      - name: Configurar Node.js\n        uses: actions/setup-node@v4\n        with:\n          node-version: 22\n          cache: npm\n\n      - name: Instalação de dependências\n        run: |\n          if npm ci --legacy-peer-deps 2&gt;/dev/null; then\n            echo "npm ci concluído com o lock file existente."\n          else\n            echo "Lock file fora de sincronia; realizando \'npm install\' para regenerar." &gt;&amp;2\n            npm install --legacy-peer-deps --no-audit --no-fund --no-progress\n          fi\n\n      - name: Verificar lint\n        run: npm run lint\n\n      - name: Exportar web\n        run: npm run build:web'</failure></testcase><testcase classname="backend.tests.test_install_build_pipeline_regression" name="test_no_legacy_peer_deps_or_force_workarounds_in_release_files" time="0.002"><failure message="AssertionError: Found forbidden token 'legacy-peer-deps' in vercel.json&#10;assert 'legacy-peer-deps' not in '{\n  &quot;insta...l&quot; }\n  ]\n}'&#10;  &#10;  'legacy-peer-deps' is contained here:&#10;    {&#10;      &quot;installcommand&quot;: &quot;npm install --legacy-peer-deps --no-audit --no-fund --no-progress&quot;,&#10;  ?                                    ++++++++++++++++&#10;      &quot;buildcommand&quot;: &quot;npm run build:web&quot;,&#10;      &quot;outputdirectory&quot;: &quot;dist&quot;,...&#10;  &#10;  ...Full output truncated (4 lines hidden), use '-vv' to show">backend/tests/test_install_build_pipeline_regression.py:66: in test_no_legacy_peer_deps_or_force_workarounds_in_release_files
    assert token not in lowered, f"Found forbidden token '{token}' in {file}"
E   AssertionError: Found forbidden token 'legacy-peer-deps' in vercel.json
E   assert 'legacy-peer-deps' not in '{\n  "insta...l" }\n  ]\n}'
E     
E     'legacy-peer-deps' is contained here:
E       {
E         "installcommand": "npm install --legacy-peer-deps --no-audit --no-fund --no-progress",
E     ?                                    ++++++++++++++++
E         "buildcommand": "npm run build:web",
E         "outputdirectory": "dist",...
E     
E     ...Full output truncated (4 lines hidden), use '-vv' to show</failure></testcase><testcase classname="backend.tests.test_install_build_pipeline_regression" name="test_slug_screen_uses_camera_and_not_instagram_icon_import" time="0.000" /><testcase classname="backend.tests.test_install_build_pipeline_regression" name="test_profile_experience_uses_camera_and_not_instagram_icon_import" time="0.000" /></testsuite></testsuites>