<?xml version="1.0" encoding="utf-8"?><testsuites name="pytest tests"><testsuite name="pytest" errors="0" failures="0" skipped="0" tests="15" time="0.022" timestamp="2026-07-19T18:04:51.538984+00:00" hostname="agent-env-fdb0af2b-2ed0-4ca3-8444-ddde7174319c"><testcase classname="backend.tests.test_s1_04_professional_quick_book_regression" name="test_header_and_timeline_openings_have_explicit_sources" time="0.000" /><testcase classname="backend.tests.test_s1_04_professional_quick_book_regression" name="test_timeline_preserves_clicked_date_and_time" time="0.000" /><testcase classname="backend.tests.test_s1_04_professional_quick_book_regression" name="test_quick_booking_uses_centralized_availability_and_server_timestamp" time="0.000" /><testcase classname="backend.tests.test_s1_04_professional_quick_book_regression" name="test_double_submission_is_locked_before_async_work" time="0.000" /><testcase classname="backend.tests.test_s1_04_professional_quick_book_regression" name="test_known_rpc_errors_have_specific_messages" time="0.000" /><testcase classname="backend.tests.test_s1_04_professional_quick_book_regression" name="test_modal_exposes_availability_states_and_disables_invalid_submit" time="0.000" /><testcase classname="backend.tests.test_s1_04_professional_quick_book_regression" name="test_availability_results_cannot_leak_between_service_or_date_changes" time="0.000" /><testcase classname="backend.tests.test_s1_03_availability_regression" name="test_migration_generates_timezone_aware_thirty_minute_slots" time="0.000" /><testcase classname="backend.tests.test_s1_03_availability_regression" name="test_migration_intersects_schedules_and_resolves_custom_duration" time="0.000" /><testcase classname="backend.tests.test_s1_03_availability_regression" name="test_create_and_reschedule_enforce_same_availability_contract" time="0.000" /><testcase classname="backend.tests.test_s1_03_availability_regression" name="test_public_reschedule_ignore_is_authorized" time="0.000" /><testcase classname="backend.tests.test_s1_03_availability_regression" name="test_shared_hook_calls_new_rpc_and_exposes_distinct_states" time="0.000" /><testcase classname="backend.tests.test_s1_03_availability_regression" name="test_both_booking_flows_use_shared_available_slots" time="0.000" /><testcase classname="backend.tests.test_s1_03_availability_regression" name="test_fixed_time_lists_and_direct_appointment_reads_are_removed" time="0.000" /><testcase classname="backend.tests.test_s1_03_availability_regression" name="test_generated_types_include_new_availability_rpc" time="0.000" /></testsuite></testsuites>