<?xml version="1.0" encoding="utf-8"?><testsuites name="pytest tests"><testsuite name="pytest" errors="0" failures="0" skipped="0" tests="9" time="0.017" timestamp="2026-07-19T18:37:12.617568+00:00" hostname="agent-env-fdb0af2b-2ed0-4ca3-8444-ddde7174319c"><testcase classname="backend.tests.test_s1_05_next_appointment_regression" name="test_hook_queries_only_future_active_appointments_in_order" time="0.000" /><testcase classname="backend.tests.test_s1_05_next_appointment_regression" name="test_professional_filter_is_optional_and_explicit" time="0.000" /><testcase classname="backend.tests.test_s1_05_next_appointment_regression" name="test_hook_reuses_secure_participant_names_rpc" time="0.000" /><testcase classname="backend.tests.test_s1_05_next_appointment_regression" name="test_hook_has_realtime_refresh_and_request_race_protection" time="0.000" /><testcase classname="backend.tests.test_s1_05_next_appointment_regression" name="test_shared_card_has_loading_error_free_and_active_states" time="0.000" /><testcase classname="backend.tests.test_s1_05_next_appointment_regression" name="test_professional_replaces_fragile_direct_query_with_shared_card" time="0.000" /><testcase classname="backend.tests.test_s1_05_next_appointment_regression" name="test_admin_has_global_card_independent_from_daily_panel" time="0.000" /><testcase classname="backend.tests.test_s1_05_next_appointment_regression" name="test_mutations_and_manual_refresh_reload_next_appointment" time="0.000" /><testcase classname="backend.tests.test_s1_05_next_appointment_regression" name="test_dashboard_sync_status_includes_next_appointment_errors" time="0.000" /></testsuite></testsuites>