<?xml version="1.0" encoding="utf-8"?><testsuites name="pytest tests"><testsuite name="pytest" errors="0" failures="0" skipped="0" tests="6" time="0.030" timestamp="2026-08-15T01:29:22.828172+00:00" hostname="agent-env-230faa03-e0fe-44c4-8e30-5cb887e835ba"><testcase classname="tests.test_business_walkin_f2_static" name="test_fab_visibility_contract_today_and_agenda_only" time="0.000" /><testcase classname="tests.test_business_walkin_f2_static" name="test_walk_in_has_five_steps_and_forward_guardrails" time="0.000" /><testcase classname="tests.test_business_walkin_f2_static" name="test_client_service_professional_requirements_are_encoded" time="0.000" /><testcase classname="tests.test_business_walkin_f2_static" name="test_schedule_slot_fetch_and_resets_follow_contract" time="0.000" /><testcase classname="tests.test_business_walkin_f2_static" name="test_review_confirmation_idempotency_and_cache_invalidation_exist" time="0.000" /><testcase classname="tests.test_business_walkin_f2_static" name="test_walk_in_testids_are_ascii_safe_in_reviewed_f2_scope" time="0.001" /></testsuite></testsuites>