<?xml version="1.0" encoding="utf-8"?><testsuites name="pytest tests"><testsuite name="pytest" errors="0" failures="0" skipped="0" tests="6" time="0.014" timestamp="2026-07-17T05:27:25.991905+00:00" hostname="agent-env-6625dd97-5452-4c84-b19a-a30258303b03"><testcase classname="tests.test_password_recovery_static" name="test_shared_password_policy_is_used_by_signup_reset_change_and_booking" time="0.001" /><testcase classname="tests.test_password_recovery_static" name="test_login_and_routes_expose_complete_recovery_flow" time="0.000" /><testcase classname="tests.test_password_recovery_static" name="test_recovery_service_supports_web_native_and_safe_session_exchange" time="0.000" /><testcase classname="tests.test_password_recovery_static" name="test_reset_route_is_not_redirected_after_recovery_session_is_created" time="0.000" /><testcase classname="tests.test_password_recovery_static" name="test_authenticated_password_change_requires_current_password_verification" time="0.000" /><testcase classname="tests.test_password_recovery_static" name="test_vercel_routes_deep_links_to_expo_router" time="0.000" /></testsuite></testsuites>