<?xml version="1.0" encoding="utf-8"?><testsuites name="pytest tests"><testsuite name="pytest" errors="0" failures="0" skipped="0" tests="8" time="0.025" timestamp="2026-07-18T21:12:40.759460+00:00" hostname="agent-env-34180e96-4287-4bc8-b685-ab8a3407e5aa"><testcase classname="backend.tests.test_install_build_pipeline_regression" name="test_package_json_pins_lucide_react_native_and_node_22x" time="0.000" /><testcase classname="backend.tests.test_install_build_pipeline_regression" name="test_nvmrc_is_node_22" time="0.000" /><testcase classname="backend.tests.test_install_build_pipeline_regression" name="test_package_lock_contains_lucide_1250_peer_react_19_support" time="0.002" /><testcase classname="backend.tests.test_install_build_pipeline_regression" name="test_vercel_uses_clean_install_build_web_and_dist_output" time="0.000" /><testcase classname="backend.tests.test_install_build_pipeline_regression" name="test_workflow_uses_node22_npm_ci_lint_and_build_web" time="0.000" /><testcase classname="backend.tests.test_install_build_pipeline_regression" name="test_no_legacy_peer_deps_or_force_workarounds_in_release_files" time="0.002" /><testcase classname="backend.tests.test_install_build_pipeline_regression" name="test_slug_screen_uses_camera_and_not_instagram_icon_import" time="0.000" /><testcase classname="backend.tests.test_install_build_pipeline_regression" name="test_profile_experience_uses_camera_and_not_instagram_icon_import" time="0.000" /></testsuite></testsuites>