<?xml version="1.0" encoding="utf-8"?><testsuites name="pytest tests"><testsuite name="pytest" errors="0" failures="0" skipped="0" tests="9" time="0.669" timestamp="2026-07-19T06:05:13.203474+00:00" hostname="agent-env-02f1dab1-99c8-4e0d-b896-f273a0ba3567"><testcase classname="backend.tests.test_booking_merge_regression" name="test_no_git_conflict_markers_in_repo_files" time="0.648" /><testcase classname="backend.tests.test_booking_merge_regression" name="test_booking_uses_public_auth_modal_with_password_confirmation_and_strong_password" time="0.000" /><testcase classname="backend.tests.test_booking_merge_regression" name="test_public_booking_modal_preserves_magic_link_register_password_and_testids" time="0.000" /><testcase classname="backend.tests.test_booking_merge_regression" name="test_password_components_preserve_visibility_toggle_and_checklist_rules" time="0.000" /><testcase classname="backend.tests.test_booking_merge_regression" name="test_booking_uses_expected_rpcs" time="0.000" /><testcase classname="backend.tests.test_booking_merge_regression" name="test_generated_types_include_expected_rpc_signatures" time="0.000" /><testcase classname="backend.tests.test_booking_merge_regression" name="test_migration_contains_overlap_protection_and_expected_grants" time="0.000" /><testcase classname="backend.tests.test_booking_merge_regression" name="test_vercel_rewrite_spa_is_preserved" time="0.000" /><testcase classname="backend.tests.test_booking_merge_regression" name="test_no_hardcoded_secrets_in_scope_files" time="0.001" /></testsuite></testsuites>