<?xml version="1.0" encoding="utf-8"?><testsuites name="pytest tests"><testsuite name="pytest" errors="0" failures="0" skipped="0" tests="8" time="0.212" timestamp="2026-07-18T20:03:24.057254+00:00" hostname="agent-env-34180e96-4287-4bc8-b685-ab8a3407e5aa"><testcase classname="backend.tests.test_supabase_schema_drift" name="test_package_script_points_to_check_script" time="0.000" /><testcase classname="backend.tests.test_supabase_schema_drift" name="test_check_returns_zero_when_generated_matches_committed" time="0.040" /><testcase classname="backend.tests.test_supabase_schema_drift" name="test_check_returns_one_and_unified_diff_when_drift_detected" time="0.044" /><testcase classname="backend.tests.test_supabase_schema_drift" name="test_generator_writes_atomically_and_supports_optional_output_path" time="0.025" /><testcase classname="backend.tests.test_supabase_schema_drift" name="test_generator_failure_does_not_corrupt_default_versioned_file" time="0.017" /><testcase classname="backend.tests.test_supabase_schema_drift" name="test_generator_uses_project_id_env_or_derives_from_expo_url" time="0.046" /><testcase classname="backend.tests.test_supabase_schema_drift" name="test_workflow_yaml_valid_and_blocks_drift_with_required_secrets" time="0.002" /><testcase classname="backend.tests.test_supabase_schema_drift" name="test_no_hardcoded_credentials_in_scripts_and_workflow" time="0.000" /></testsuite></testsuites>