<?xml version="1.0" encoding="utf-8"?><testsuites name="pytest tests"><testsuite name="pytest" errors="0" failures="0" skipped="0" tests="8" time="0.080" timestamp="2026-08-15T01:40:55.161437+00:00" hostname="agent-env-230faa03-e0fe-44c4-8e30-5cb887e835ba"><testcase classname="tests.test_business_agenda_f3_static" name="test_f3_date_math_contracts_exist" time="0.000" /><testcase classname="tests.test_business_agenda_f3_static" name="test_f3_week_strip_contract_exists" time="0.001" /><testcase classname="tests.test_business_agenda_f3_static" name="test_f3_toggle_and_list_timeline_contract_exists" time="0.000" /><testcase classname="tests.test_business_agenda_f3_static" name="test_f3_timeline_contract_exists" time="0.000" /><testcase classname="tests.test_business_agenda_f3_static" name="test_f3_scope_access_and_slot_navigation_contract_exists" time="0.000" /><testcase classname="tests.test_business_agenda_f3_static" name="test_f3_schedule_blocks_rpc_and_overlap_contract_exists" time="0.001" /><testcase classname="tests.test_business_agenda_f3_static" name="test_f3_interactions_and_cancelled_contract_exists" time="0.000" /><testcase classname="tests.test_business_agenda_f3_static" name="test_f3_testid_ascii_and_uniqueness_in_reviewed_scope" time="0.001" /></testsuite></testsuites>