<?xml version="1.0" encoding="utf-8"?><testsuites name="pytest tests"><testsuite name="pytest" errors="0" failures="1" skipped="0" tests="14" time="0.053" timestamp="2026-08-15T02:16:43.785532+00:00" hostname="agent-env-230faa03-e0fe-44c4-8e30-5cb887e835ba"><testcase classname="backend.tests.test_f4_business_dashboard_contract_regression" name="test_rpc_is_security_definer_with_fixed_search_path_and_auth_guards" time="0.000" /><testcase classname="backend.tests.test_f4_business_dashboard_contract_regression" name="test_rpc_permissions_revoke_public_anon_and_grant_only_auth_roles" time="0.000" /><testcase classname="backend.tests.test_f4_business_dashboard_contract_regression" name="test_rpc_uses_unit_timezone_and_local_day_boundaries" time="0.000" /><testcase classname="backend.tests.test_f4_business_dashboard_contract_regression" name="test_rpc_revenue_ticket_and_occupancy_match_f4_rules" time="0.000" /><testcase classname="backend.tests.test_f4_business_dashboard_contract_regression" name="test_rpc_returns_safe_zero_when_no_available_minutes" time="0.000"><failure message="assert 'COALESCE(public.admin_report_available_minutes(' in &quot;BEGIN;\n\nCREATE OR REPLACE FUNCTION public.get_business_daily_metrics(\n  target_establishment_id uuid,\n  target_local_date date\n)\nRETURNS jsonb\nLANGUAGE plpgsql\nSTABLE\nSECURITY DEFINER\nSET search_path = pg_catalog, public\nAS $$\nDECLARE\n  actor_id uuid := (SELECT auth.uid());\n  target_timezone text;\n  target_currency text;\n  day_start timestamptz;\n  day_end timestamptz;\n  available_minutes bigint := 0;\n  occupied_minutes bigint := 0;\n  revenue_cents bigint := 0;\n  closed_orders bigint := 0;\nBEGIN\n  IF actor_id IS NULL THEN RAISE EXCEPTION 'authentication_required'; END IF;\n  IF target_local_date IS NULL THEN RAISE EXCEPTION 'local_date_required'; END IF;\n\n  PERFORM public.assert_financial_ops_enabled(target_establishment_id);\n  IF NOT public.has_business_capability(target_establishment_id, 'view_unit_reports') THEN\n    RAISE EXCEPTION 'forbidden';\n  END IF;\n\n  SELECT establishment.timezone, establishment.currency\n  INTO target_timezone, target_currency\n  FROM public.establishments AS establishment\n  WHERE establishment.id = target_establishment_id;\n  IF target_timezone IS NULL THEN RAISE EXCEPTION 'establishment_not_found'; END IF;\n  IF target_c...ent.date_time &lt; day_end\n    AND appointment.status IN ('pending', 'confirmed', 'completed');\n\n  SELECT\n    COALESCE(sum(service_order.total_cents), 0),\n    count(*)\n  INTO revenue_cents, closed_orders\n  FROM public.service_orders AS service_order\n  WHERE service_order.establishment_id = target_establishment_id\n    AND service_order.status = 'closed'\n    AND service_order.closed_at &gt;= day_start\n    AND service_order.closed_at &lt; day_end;\n\n  RETURN jsonb_build_object(\n    'localDate', target_local_date,\n    'currency', target_currency,\n    'revenueCents', revenue_cents,\n    'closedOrders', closed_orders,\n    'averageTicketCents', CASE WHEN closed_orders &gt; 0 THEN round(revenue_cents::numeric / closed_orders)::bigint ELSE 0 END,\n    'occupiedMinutes', occupied_minutes,\n    'availableMinutes', available_minutes,\n    'occupancyRate', CASE WHEN available_minutes &gt; 0 THEN LEAST(round(occupied_minutes * 100.0 / available_minutes, 1), 100) ELSE 0 END\n  );\nEND;\n$$;\n\nREVOKE ALL ON FUNCTION public.get_business_daily_metrics(uuid, date) FROM PUBLIC, anon;\nGRANT EXECUTE ON FUNCTION public.get_business_daily_metrics(uuid, date) TO authenticated, service_role;\n\nCOMMIT;&quot;">backend/tests/test_f4_business_dashboard_contract_regression.py:67: in test_rpc_returns_safe_zero_when_no_available_minutes
    assert "COALESCE(public.admin_report_available_minutes(" in sql
E   assert 'COALESCE(public.admin_report_available_minutes(' in "BEGIN;\n\nCREATE OR REPLACE FUNCTION public.get_business_daily_metrics(\n  target_establishment_id uuid,\n  target_local_date date\n)\nRETURNS jsonb\nLANGUAGE plpgsql\nSTABLE\nSECURITY DEFINER\nSET search_path = pg_catalog, public\nAS $$\nDECLARE\n  actor_id uuid := (SELECT auth.uid());\n  target_timezone text;\n  target_currency text;\n  day_start timestamptz;\n  day_end timestamptz;\n  available_minutes bigint := 0;\n  occupied_minutes bigint := 0;\n  revenue_cents bigint := 0;\n  closed_orders bigint := 0;\nBEGIN\n  IF actor_id IS NULL THEN RAISE EXCEPTION 'authentication_required'; END IF;\n  IF target_local_date IS NULL THEN RAISE EXCEPTION 'local_date_required'; END IF;\n\n  PERFORM public.assert_financial_ops_enabled(target_establishment_id);\n  IF NOT public.has_business_capability(target_establishment_id, 'view_unit_reports') THEN\n    RAISE EXCEPTION 'forbidden';\n  END IF;\n\n  SELECT establishment.timezone, establishment.currency\n  INTO target_timezone, target_currency\n  FROM public.establishments AS establishment\n  WHERE establishment.id = target_establishment_id;\n  IF target_timezone IS NULL THEN RAISE EXCEPTION 'establishment_not_found'; END IF;\n  IF target_c...ent.date_time &lt; day_end\n    AND appointment.status IN ('pending', 'confirmed', 'completed');\n\n  SELECT\n    COALESCE(sum(service_order.total_cents), 0),\n    count(*)\n  INTO revenue_cents, closed_orders\n  FROM public.service_orders AS service_order\n  WHERE service_order.establishment_id = target_establishment_id\n    AND service_order.status = 'closed'\n    AND service_order.closed_at &gt;= day_start\n    AND service_order.closed_at &lt; day_end;\n\n  RETURN jsonb_build_object(\n    'localDate', target_local_date,\n    'currency', target_currency,\n    'revenueCents', revenue_cents,\n    'closedOrders', closed_orders,\n    'averageTicketCents', CASE WHEN closed_orders &gt; 0 THEN round(revenue_cents::numeric / closed_orders)::bigint ELSE 0 END,\n    'occupiedMinutes', occupied_minutes,\n    'availableMinutes', available_minutes,\n    'occupancyRate', CASE WHEN available_minutes &gt; 0 THEN LEAST(round(occupied_minutes * 100.0 / available_minutes, 1), 100) ELSE 0 END\n  );\nEND;\n$$;\n\nREVOKE ALL ON FUNCTION public.get_business_daily_metrics(uuid, date) FROM PUBLIC, anon;\nGRANT EXECUTE ON FUNCTION public.get_business_daily_metrics(uuid, date) TO authenticated, service_role;\n\nCOMMIT;"</failure></testcase><testcase classname="backend.tests.test_f4_business_dashboard_contract_regression" name="test_business_daily_metrics_mapper_is_fail_closed_and_validates_ranges" time="0.000" /><testcase classname="backend.tests.test_f4_business_dashboard_contract_regression" name="test_dashboard_api_rejects_invalid_request_and_invalid_response" time="0.000" /><testcase classname="backend.tests.test_f4_business_dashboard_contract_regression" name="test_metrics_hook_gates_query_by_financial_ops_and_capability" time="0.000" /><testcase classname="backend.tests.test_f4_business_dashboard_contract_regression" name="test_metrics_hook_uses_service_orders_query_key_stale_time_and_realtime_tables" time="0.000" /><testcase classname="backend.tests.test_f4_business_dashboard_contract_regression" name="test_today_financial_metrics_has_expected_labels_states_and_unique_testids" time="0.000" /><testcase classname="backend.tests.test_f4_business_dashboard_contract_regression" name="test_next_appointment_actions_obey_capabilities_real_command_and_whatsapp_rules" time="0.000" /><testcase classname="backend.tests.test_f4_business_dashboard_contract_regression" name="test_today_screen_uses_timezone_greeting_first_name_and_ascii_safe_testids" time="0.000" /><testcase classname="backend.tests.test_f4_business_dashboard_contract_regression" name="test_whatsapp_contact_uses_click_to_chat_without_business_api_or_tokens" time="0.000" /><testcase classname="backend.tests.test_f4_business_dashboard_contract_regression" name="test_generated_rpc_surface_contains_daily_metrics_function" time="0.000" /></testsuite></testsuites>